2023/09/26 16:50:27 [warn] 1#1: server name "/var/log/nginx/error.log" has suspicious symbols in /etc/nginx/conf.d/default.conf:6
2023/09/26 16:50:27 [notice] 1#1: using the "epoll" event method
2023/09/26 16:50:27 [notice] 1#1: nginx/1.25.2
2023/09/26 16:50:27 [notice] 1#1: built by gcc 12.2.0 (Debian 12.2.0-14) 
2023/09/26 16:50:27 [notice] 1#1: OS: Linux 5.15.90.1-microsoft-standard-WSL2
2023/09/26 16:50:27 [notice] 1#1: getrlimit(RLIMIT_NOFILE): 1048576:1048576
2023/09/26 16:50:27 [notice] 1#1: start worker processes
2023/09/26 16:50:27 [notice] 1#1: start worker process 28
2023/09/26 16:50:27 [notice] 1#1: start worker process 29
2023/09/26 16:50:27 [notice] 1#1: start worker process 30
2023/09/26 16:50:27 [notice] 1#1: start worker process 31
2023/09/26 16:50:27 [notice] 1#1: start worker process 32
2023/09/26 16:50:27 [notice] 1#1: start worker process 33
2023/09/26 17:02:53 [notice] 1#1: signal 3 (SIGQUIT) received, shutting down
2023/09/26 17:02:53 [notice] 29#29: gracefully shutting down
2023/09/26 17:02:53 [notice] 29#29: exiting
2023/09/26 17:02:53 [notice] 28#28: gracefully shutting down
2023/09/26 17:02:53 [notice] 28#28: exiting
2023/09/26 17:02:53 [notice] 30#30: gracefully shutting down
2023/09/26 17:02:53 [notice] 33#33: gracefully shutting down
2023/09/26 17:02:53 [notice] 33#33: exiting
2023/09/26 17:02:53 [notice] 31#31: gracefully shutting down
2023/09/26 17:02:53 [notice] 31#31: exiting
2023/09/26 17:02:53 [notice] 32#32: gracefully shutting down
2023/09/26 17:02:53 [notice] 32#32: exiting
2023/09/26 17:02:53 [notice] 29#29: exit
2023/09/26 17:02:53 [notice] 28#28: exit
2023/09/26 17:02:53 [notice] 30#30: exiting
2023/09/26 17:02:53 [notice] 33#33: exit
2023/09/26 17:02:53 [notice] 31#31: exit
2023/09/26 17:02:53 [notice] 32#32: exit
2023/09/26 17:02:53 [notice] 30#30: exit
2023/09/26 17:02:54 [notice] 1#1: signal 17 (SIGCHLD) received from 31
2023/09/26 17:02:54 [notice] 1#1: worker process 28 exited with code 0
2023/09/26 17:02:54 [notice] 1#1: worker process 29 exited with code 0
2023/09/26 17:02:54 [notice] 1#1: worker process 30 exited with code 0
2023/09/26 17:02:54 [notice] 1#1: worker process 31 exited with code 0
2023/09/26 17:02:54 [notice] 1#1: worker process 32 exited with code 0
2023/09/26 17:02:54 [notice] 1#1: worker process 33 exited with code 0
2023/09/26 17:02:54 [notice] 1#1: exit
2023/09/26 18:56:29 [warn] 1#1: server name "/var/log/nginx/error.log" has suspicious symbols in /etc/nginx/conf.d/default.conf:6
2023/09/26 18:56:29 [notice] 1#1: using the "epoll" event method
2023/09/26 18:56:29 [notice] 1#1: nginx/1.25.2
2023/09/26 18:56:29 [notice] 1#1: built by gcc 12.2.0 (Debian 12.2.0-14) 
2023/09/26 18:56:29 [notice] 1#1: OS: Linux 5.15.90.1-microsoft-standard-WSL2
2023/09/26 18:56:29 [notice] 1#1: getrlimit(RLIMIT_NOFILE): 1048576:1048576
2023/09/26 18:56:29 [notice] 1#1: start worker processes
2023/09/26 18:56:29 [notice] 1#1: start worker process 28
2023/09/26 18:56:29 [notice] 1#1: start worker process 29
2023/09/26 18:56:29 [notice] 1#1: start worker process 30
2023/09/26 18:56:29 [notice] 1#1: start worker process 31
2023/09/26 18:56:29 [notice] 1#1: start worker process 32
2023/09/26 18:56:29 [notice] 1#1: start worker process 33
2023/09/26 19:20:41 [error] 32#32: *5 directory index of "/var/www/learn/" is forbidden, client: 172.19.0.1, server: localhost.dev, request: "GET / HTTP/1.1", host: "localhost"
2023/09/26 19:20:41 [error] 32#32: *5 open() "/var/www/learn/favicon.ico" failed (2: No such file or directory), client: 172.19.0.1, server: localhost.dev, request: "GET /favicon.ico HTTP/1.1", host: "localhost", referrer: "http://localhost/"
2023/09/26 19:33:55 [error] 28#28: *13 directory index of "/var/www/learn/" is forbidden, client: 172.19.0.1, server: localhost.dev, request: "GET / HTTP/1.1", host: "localhost"
2023/09/26 19:36:29 [error] 28#28: *20 directory index of "/var/www/learn/" is forbidden, client: 172.19.0.1, server: localhost.dev, request: "GET / HTTP/1.1", host: "localhost"
2023/09/26 19:45:20 [error] 28#28: *24 directory index of "/var/www/learn/" is forbidden, client: 172.19.0.1, server: localhost.dev, request: "GET / HTTP/1.1", host: "localhost"
2023/09/26 20:43:27 [notice] 1#1: signal 3 (SIGQUIT) received, shutting down
2023/09/26 20:43:27 [notice] 30#30: gracefully shutting down
2023/09/26 20:43:27 [notice] 30#30: exiting
2023/09/26 20:43:27 [notice] 31#31: gracefully shutting down
2023/09/26 20:43:27 [notice] 32#32: gracefully shutting down
2023/09/26 20:43:27 [notice] 32#32: exiting
2023/09/26 20:43:27 [notice] 32#32: exit
2023/09/26 20:43:27 [notice] 29#29: gracefully shutting down
2023/09/26 20:43:27 [notice] 33#33: gracefully shutting down
2023/09/26 20:43:27 [notice] 28#28: gracefully shutting down
2023/09/26 20:43:27 [notice] 30#30: exit
2023/09/26 20:43:27 [notice] 31#31: exiting
2023/09/26 20:43:27 [notice] 29#29: exiting
2023/09/26 20:43:27 [notice] 29#29: exit
2023/09/26 20:43:27 [notice] 33#33: exiting
2023/09/26 20:43:27 [notice] 28#28: exiting
2023/09/26 20:43:27 [notice] 28#28: exit
2023/09/26 20:43:27 [notice] 31#31: exit
2023/09/26 20:43:27 [notice] 33#33: exit
2023/09/26 20:43:27 [notice] 1#1: signal 17 (SIGCHLD) received from 32
2023/09/26 20:43:27 [notice] 1#1: worker process 29 exited with code 0
2023/09/26 20:43:27 [notice] 1#1: worker process 30 exited with code 0
2023/09/26 20:43:27 [notice] 1#1: worker process 32 exited with code 0
2023/09/26 20:43:27 [notice] 1#1: signal 29 (SIGIO) received
2023/09/26 20:43:27 [notice] 1#1: signal 17 (SIGCHLD) received from 29
2023/09/26 20:43:27 [notice] 1#1: signal 17 (SIGCHLD) received from 28
2023/09/26 20:43:27 [notice] 1#1: worker process 28 exited with code 0
2023/09/26 20:43:27 [notice] 1#1: worker process 31 exited with code 0
2023/09/26 20:43:27 [notice] 1#1: signal 29 (SIGIO) received
2023/09/26 20:43:27 [notice] 1#1: signal 17 (SIGCHLD) received from 33
2023/09/26 20:43:27 [notice] 1#1: worker process 33 exited with code 0
2023/09/26 20:43:27 [notice] 1#1: exit
2023/09/26 20:47:47 [warn] 1#1: server name "/var/log/nginx/error.log" has suspicious symbols in /etc/nginx/conf.d/default.conf:6
2023/09/26 20:47:47 [notice] 1#1: using the "epoll" event method
2023/09/26 20:47:47 [notice] 1#1: nginx/1.25.2
2023/09/26 20:47:47 [notice] 1#1: built by gcc 12.2.0 (Debian 12.2.0-14) 
2023/09/26 20:47:47 [notice] 1#1: OS: Linux 5.15.90.1-microsoft-standard-WSL2
2023/09/26 20:47:47 [notice] 1#1: getrlimit(RLIMIT_NOFILE): 1048576:1048576
2023/09/26 20:47:47 [notice] 1#1: start worker processes
2023/09/26 20:47:47 [notice] 1#1: start worker process 28
2023/09/26 20:47:47 [notice] 1#1: start worker process 29
2023/09/26 20:47:47 [notice] 1#1: start worker process 30
2023/09/26 20:47:47 [notice] 1#1: start worker process 31
2023/09/26 20:47:47 [notice] 1#1: start worker process 32
2023/09/26 20:47:47 [notice] 1#1: start worker process 33
2023/09/26 20:59:43 [notice] 1#1: signal 3 (SIGQUIT) received, shutting down
2023/09/26 20:59:43 [notice] 28#28: gracefully shutting down
2023/09/26 20:59:43 [notice] 28#28: exiting
2023/09/26 20:59:43 [notice] 29#29: gracefully shutting down
2023/09/26 20:59:43 [notice] 29#29: exiting
2023/09/26 20:59:43 [notice] 30#30: gracefully shutting down
2023/09/26 20:59:43 [notice] 33#33: gracefully shutting down
2023/09/26 20:59:43 [notice] 33#33: exiting
2023/09/26 20:59:43 [notice] 32#32: gracefully shutting down
2023/09/26 20:59:43 [notice] 32#32: exiting
2023/09/26 20:59:43 [notice] 31#31: gracefully shutting down
2023/09/26 20:59:43 [notice] 28#28: exit
2023/09/26 20:59:43 [notice] 29#29: exit
2023/09/26 20:59:43 [notice] 30#30: exiting
2023/09/26 20:59:43 [notice] 33#33: exit
2023/09/26 20:59:43 [notice] 32#32: exit
2023/09/26 20:59:43 [notice] 31#31: exiting
2023/09/26 20:59:43 [notice] 30#30: exit
2023/09/26 20:59:43 [notice] 31#31: exit
2023/09/26 20:59:43 [notice] 1#1: signal 17 (SIGCHLD) received from 33
2023/09/26 20:59:43 [notice] 1#1: worker process 28 exited with code 0
2023/09/26 20:59:43 [notice] 1#1: worker process 31 exited with code 0
2023/09/26 20:59:43 [notice] 1#1: worker process 32 exited with code 0
2023/09/26 20:59:43 [notice] 1#1: worker process 33 exited with code 0
2023/09/26 20:59:43 [notice] 1#1: worker process 29 exited with code 0
2023/09/26 20:59:43 [notice] 1#1: worker process 30 exited with code 0
2023/09/26 20:59:43 [notice] 1#1: exit
2023/09/26 21:00:22 [warn] 1#1: server name "/var/log/nginx/error.log" has suspicious symbols in /etc/nginx/conf.d/default.conf:6
2023/09/26 21:00:22 [notice] 1#1: using the "epoll" event method
2023/09/26 21:00:22 [notice] 1#1: nginx/1.25.2
2023/09/26 21:00:22 [notice] 1#1: built by gcc 12.2.0 (Debian 12.2.0-14) 
2023/09/26 21:00:22 [notice] 1#1: OS: Linux 5.15.90.1-microsoft-standard-WSL2
2023/09/26 21:00:22 [notice] 1#1: getrlimit(RLIMIT_NOFILE): 1048576:1048576
2023/09/26 21:00:22 [notice] 1#1: start worker processes
2023/09/26 21:00:22 [notice] 1#1: start worker process 28
2023/09/26 21:00:22 [notice] 1#1: start worker process 29
2023/09/26 21:00:22 [notice] 1#1: start worker process 30
2023/09/26 21:00:22 [notice] 1#1: start worker process 31
2023/09/26 21:00:22 [notice] 1#1: start worker process 32
2023/09/26 21:00:22 [notice] 1#1: start worker process 33
2023/09/26 21:25:25 [notice] 1#1: signal 3 (SIGQUIT) received, shutting down
2023/09/26 21:25:25 [notice] 30#30: gracefully shutting down
2023/09/26 21:25:25 [notice] 30#30: exiting
2023/09/26 21:25:25 [notice] 28#28: gracefully shutting down
2023/09/26 21:25:25 [notice] 28#28: exiting
2023/09/26 21:25:25 [notice] 29#29: gracefully shutting down
2023/09/26 21:25:25 [notice] 29#29: exiting
2023/09/26 21:25:25 [notice] 31#31: gracefully shutting down
2023/09/26 21:25:25 [notice] 31#31: exiting
2023/09/26 21:25:25 [notice] 32#32: gracefully shutting down
2023/09/26 21:25:25 [notice] 32#32: exiting
2023/09/26 21:25:25 [notice] 33#33: gracefully shutting down
2023/09/26 21:25:25 [notice] 30#30: exit
2023/09/26 21:25:25 [notice] 28#28: exit
2023/09/26 21:25:25 [notice] 29#29: exit
2023/09/26 21:25:25 [notice] 31#31: exit
2023/09/26 21:25:25 [notice] 32#32: exit
2023/09/26 21:25:25 [notice] 33#33: exiting
2023/09/26 21:25:25 [notice] 33#33: exit
2023/09/26 21:25:25 [notice] 1#1: signal 17 (SIGCHLD) received from 32
2023/09/26 21:25:25 [notice] 1#1: worker process 28 exited with code 0
2023/09/26 21:25:25 [notice] 1#1: worker process 29 exited with code 0
2023/09/26 21:25:25 [notice] 1#1: worker process 30 exited with code 0
2023/09/26 21:25:25 [notice] 1#1: worker process 31 exited with code 0
2023/09/26 21:25:25 [notice] 1#1: worker process 32 exited with code 0
2023/09/26 21:25:25 [notice] 1#1: signal 29 (SIGIO) received
2023/09/26 21:25:25 [notice] 1#1: signal 17 (SIGCHLD) received from 28
2023/09/26 21:25:25 [notice] 1#1: signal 17 (SIGCHLD) received from 33
2023/09/26 21:25:25 [notice] 1#1: worker process 33 exited with code 0
2023/09/26 21:25:25 [notice] 1#1: exit
2023/09/26 21:26:02 [warn] 1#1: server name "/var/log/nginx/error.log" has suspicious symbols in /etc/nginx/conf.d/default.conf:6
2023/09/26 21:26:02 [notice] 1#1: using the "epoll" event method
2023/09/26 21:26:02 [notice] 1#1: nginx/1.25.2
2023/09/26 21:26:02 [notice] 1#1: built by gcc 12.2.0 (Debian 12.2.0-14) 
2023/09/26 21:26:02 [notice] 1#1: OS: Linux 5.15.90.1-microsoft-standard-WSL2
2023/09/26 21:26:02 [notice] 1#1: getrlimit(RLIMIT_NOFILE): 1048576:1048576
2023/09/26 21:26:02 [notice] 1#1: start worker processes
2023/09/26 21:26:02 [notice] 1#1: start worker process 28
2023/09/26 21:26:02 [notice] 1#1: start worker process 29
2023/09/26 21:26:02 [notice] 1#1: start worker process 30
2023/09/26 21:26:02 [notice] 1#1: start worker process 31
2023/09/26 21:26:02 [notice] 1#1: start worker process 32
2023/09/26 21:26:02 [notice] 1#1: start worker process 33
2023/09/26 21:28:08 [notice] 1#1: signal 3 (SIGQUIT) received, shutting down
2023/09/26 21:28:08 [notice] 32#32: gracefully shutting down
2023/09/26 21:28:08 [notice] 32#32: exiting
2023/09/26 21:28:08 [notice] 33#33: gracefully shutting down
2023/09/26 21:28:08 [notice] 29#29: gracefully shutting down
2023/09/26 21:28:08 [notice] 29#29: exiting
2023/09/26 21:28:08 [notice] 33#33: exiting
2023/09/26 21:28:08 [notice] 31#31: gracefully shutting down
2023/09/26 21:28:08 [notice] 31#31: exiting
2023/09/26 21:28:08 [notice] 28#28: gracefully shutting down
2023/09/26 21:28:08 [notice] 30#30: gracefully shutting down
2023/09/26 21:28:08 [notice] 30#30: exiting
2023/09/26 21:28:08 [notice] 32#32: exit
2023/09/26 21:28:08 [notice] 29#29: exit
2023/09/26 21:28:08 [notice] 33#33: exit
2023/09/26 21:28:08 [notice] 31#31: exit
2023/09/26 21:28:08 [notice] 28#28: exiting
2023/09/26 21:28:08 [notice] 30#30: exit
2023/09/26 21:28:08 [notice] 28#28: exit
2023/09/26 21:28:09 [notice] 1#1: signal 17 (SIGCHLD) received from 29
2023/09/26 21:28:09 [notice] 1#1: worker process 29 exited with code 0
2023/09/26 21:28:09 [notice] 1#1: signal 29 (SIGIO) received
2023/09/26 21:28:09 [notice] 1#1: signal 17 (SIGCHLD) received from 30
2023/09/26 21:28:09 [notice] 1#1: worker process 28 exited with code 0
2023/09/26 21:28:09 [notice] 1#1: worker process 30 exited with code 0
2023/09/26 21:28:09 [notice] 1#1: worker process 31 exited with code 0
2023/09/26 21:28:09 [notice] 1#1: worker process 32 exited with code 0
2023/09/26 21:28:09 [notice] 1#1: worker process 33 exited with code 0
2023/09/26 21:28:09 [notice] 1#1: exit
2023/09/26 21:28:43 [warn] 1#1: server name "/var/log/nginx/error.log" has suspicious symbols in /etc/nginx/conf.d/default.conf:6
2023/09/26 21:28:43 [notice] 1#1: using the "epoll" event method
2023/09/26 21:28:43 [notice] 1#1: nginx/1.25.2
2023/09/26 21:28:43 [notice] 1#1: built by gcc 12.2.0 (Debian 12.2.0-14) 
2023/09/26 21:28:43 [notice] 1#1: OS: Linux 5.15.90.1-microsoft-standard-WSL2
2023/09/26 21:28:43 [notice] 1#1: getrlimit(RLIMIT_NOFILE): 1048576:1048576
2023/09/26 21:28:43 [notice] 1#1: start worker processes
2023/09/26 21:28:43 [notice] 1#1: start worker process 28
2023/09/26 21:28:43 [notice] 1#1: start worker process 29
2023/09/26 21:28:43 [notice] 1#1: start worker process 30
2023/09/26 21:28:43 [notice] 1#1: start worker process 31
2023/09/26 21:28:43 [notice] 1#1: start worker process 32
2023/09/26 21:28:43 [notice] 1#1: start worker process 33
2023/09/26 21:29:28 [notice] 1#1: signal 3 (SIGQUIT) received, shutting down
2023/09/26 21:29:28 [notice] 30#30: gracefully shutting down
2023/09/26 21:29:28 [notice] 29#29: gracefully shutting down
2023/09/26 21:29:28 [notice] 32#32: gracefully shutting down
2023/09/26 21:29:28 [notice] 32#32: exiting
2023/09/26 21:29:28 [notice] 31#31: gracefully shutting down
2023/09/26 21:29:28 [notice] 31#31: exiting
2023/09/26 21:29:28 [notice] 28#28: gracefully shutting down
2023/09/26 21:29:28 [notice] 33#33: gracefully shutting down
2023/09/26 21:29:28 [notice] 30#30: exiting
2023/09/26 21:29:28 [notice] 30#30: exit
2023/09/26 21:29:28 [notice] 29#29: exiting
2023/09/26 21:29:28 [notice] 29#29: exit
2023/09/26 21:29:28 [notice] 32#32: exit
2023/09/26 21:29:28 [notice] 31#31: exit
2023/09/26 21:29:28 [notice] 28#28: exiting
2023/09/26 21:29:28 [notice] 33#33: exiting
2023/09/26 21:29:28 [notice] 28#28: exit
2023/09/26 21:29:28 [notice] 33#33: exit
2023/09/26 21:29:28 [notice] 1#1: signal 17 (SIGCHLD) received from 30
2023/09/26 21:29:28 [notice] 1#1: worker process 30 exited with code 0
2023/09/26 21:29:28 [notice] 1#1: worker process 31 exited with code 0
2023/09/26 21:29:28 [notice] 1#1: signal 29 (SIGIO) received
2023/09/26 21:29:28 [notice] 1#1: signal 17 (SIGCHLD) received from 32
2023/09/26 21:29:28 [notice] 1#1: worker process 32 exited with code 0
2023/09/26 21:29:28 [notice] 1#1: signal 29 (SIGIO) received
2023/09/26 21:29:28 [notice] 1#1: signal 17 (SIGCHLD) received from 29
2023/09/26 21:29:28 [notice] 1#1: worker process 28 exited with code 0
2023/09/26 21:29:28 [notice] 1#1: worker process 29 exited with code 0
2023/09/26 21:29:28 [notice] 1#1: signal 29 (SIGIO) received
2023/09/26 21:29:28 [notice] 1#1: signal 17 (SIGCHLD) received from 28
2023/09/26 21:29:28 [notice] 1#1: signal 17 (SIGCHLD) received from 33
2023/09/26 21:29:28 [notice] 1#1: worker process 33 exited with code 0
2023/09/26 21:29:28 [notice] 1#1: exit
2023/09/26 21:30:51 [warn] 1#1: server name "/var/log/nginx/error.log" has suspicious symbols in /etc/nginx/conf.d/default.conf:6
2023/09/26 21:30:51 [notice] 1#1: using the "epoll" event method
2023/09/26 21:30:51 [notice] 1#1: nginx/1.25.2
2023/09/26 21:30:51 [notice] 1#1: built by gcc 12.2.0 (Debian 12.2.0-14) 
2023/09/26 21:30:51 [notice] 1#1: OS: Linux 5.15.90.1-microsoft-standard-WSL2
2023/09/26 21:30:51 [notice] 1#1: getrlimit(RLIMIT_NOFILE): 1048576:1048576
2023/09/26 21:30:51 [notice] 1#1: start worker processes
2023/09/26 21:30:51 [notice] 1#1: start worker process 28
2023/09/26 21:30:51 [notice] 1#1: start worker process 29
2023/09/26 21:30:51 [notice] 1#1: start worker process 30
2023/09/26 21:30:51 [notice] 1#1: start worker process 31
2023/09/26 21:30:51 [notice] 1#1: start worker process 32
2023/09/26 21:30:51 [notice] 1#1: start worker process 33
2023/09/26 21:35:04 [notice] 1#1: signal 3 (SIGQUIT) received, shutting down
2023/09/26 21:35:04 [notice] 29#29: gracefully shutting down
2023/09/26 21:35:04 [notice] 29#29: exiting
2023/09/26 21:35:04 [notice] 28#28: gracefully shutting down
2023/09/26 21:35:04 [notice] 28#28: exiting
2023/09/26 21:35:04 [notice] 33#33: gracefully shutting down
2023/09/26 21:35:04 [notice] 31#31: gracefully shutting down
2023/09/26 21:35:04 [notice] 31#31: exiting
2023/09/26 21:35:04 [notice] 30#30: gracefully shutting down
2023/09/26 21:35:04 [notice] 32#32: gracefully shutting down
2023/09/26 21:35:04 [notice] 29#29: exit
2023/09/26 21:35:04 [notice] 28#28: exit
2023/09/26 21:35:04 [notice] 33#33: exiting
2023/09/26 21:35:04 [notice] 31#31: exit
2023/09/26 21:35:04 [notice] 30#30: exiting
2023/09/26 21:35:04 [notice] 32#32: exiting
2023/09/26 21:35:04 [notice] 33#33: exit
2023/09/26 21:35:04 [notice] 30#30: exit
2023/09/26 21:35:04 [notice] 32#32: exit
2023/09/26 21:35:04 [notice] 1#1: signal 17 (SIGCHLD) received from 33
2023/09/26 21:35:04 [notice] 1#1: worker process 28 exited with code 0
2023/09/26 21:35:04 [notice] 1#1: worker process 29 exited with code 0
2023/09/26 21:35:04 [notice] 1#1: worker process 30 exited with code 0
2023/09/26 21:35:04 [notice] 1#1: worker process 31 exited with code 0
2023/09/26 21:35:04 [notice] 1#1: worker process 32 exited with code 0
2023/09/26 21:35:04 [notice] 1#1: worker process 33 exited with code 0
2023/09/26 21:35:04 [notice] 1#1: exit
2023/09/26 22:57:55 [warn] 1#1: server name "/var/log/nginx/error.log" has suspicious symbols in /etc/nginx/conf.d/default.conf:6
2023/09/26 22:57:55 [notice] 1#1: using the "epoll" event method
2023/09/26 22:57:55 [notice] 1#1: nginx/1.25.2
2023/09/26 22:57:55 [notice] 1#1: built by gcc 12.2.0 (Debian 12.2.0-14) 
2023/09/26 22:57:55 [notice] 1#1: OS: Linux 5.15.90.1-microsoft-standard-WSL2
2023/09/26 22:57:55 [notice] 1#1: getrlimit(RLIMIT_NOFILE): 1048576:1048576
2023/09/26 22:57:55 [notice] 1#1: start worker processes
2023/09/26 22:57:55 [notice] 1#1: start worker process 28
2023/09/26 22:57:55 [notice] 1#1: start worker process 29
2023/09/26 22:57:55 [notice] 1#1: start worker process 30
2023/09/26 22:57:55 [notice] 1#1: start worker process 31
2023/09/26 22:57:55 [notice] 1#1: start worker process 32
2023/09/26 22:57:55 [notice] 1#1: start worker process 33
2023/09/26 23:01:50 [notice] 1#1: signal 3 (SIGQUIT) received, shutting down
2023/09/26 23:01:51 [notice] 28#28: gracefully shutting down
2023/09/26 23:01:51 [notice] 29#29: gracefully shutting down
2023/09/26 23:01:51 [notice] 29#29: exiting
2023/09/26 23:01:51 [notice] 30#30: gracefully shutting down
2023/09/26 23:01:51 [notice] 30#30: exiting
2023/09/26 23:01:51 [notice] 31#31: gracefully shutting down
2023/09/26 23:01:51 [notice] 31#31: exiting
2023/09/26 23:01:51 [notice] 32#32: gracefully shutting down
2023/09/26 23:01:51 [notice] 32#32: exiting
2023/09/26 23:01:51 [notice] 33#33: gracefully shutting down
2023/09/26 23:01:51 [notice] 28#28: exiting
2023/09/26 23:01:51 [notice] 29#29: exit
2023/09/26 23:01:51 [notice] 30#30: exit
2023/09/26 23:01:51 [notice] 31#31: exit
2023/09/26 23:01:51 [notice] 32#32: exit
2023/09/26 23:01:51 [notice] 33#33: exiting
2023/09/26 23:01:51 [notice] 28#28: exit
2023/09/26 23:01:51 [notice] 33#33: exit
2023/09/26 23:01:51 [notice] 1#1: signal 17 (SIGCHLD) received from 28
2023/09/26 23:01:51 [notice] 1#1: worker process 28 exited with code 0
2023/09/26 23:01:51 [notice] 1#1: worker process 31 exited with code 0
2023/09/26 23:01:51 [notice] 1#1: worker process 32 exited with code 0
2023/09/26 23:01:51 [notice] 1#1: signal 29 (SIGIO) received
2023/09/26 23:01:51 [notice] 1#1: signal 17 (SIGCHLD) received from 29
2023/09/26 23:01:51 [notice] 1#1: worker process 29 exited with code 0
2023/09/26 23:01:51 [notice] 1#1: signal 29 (SIGIO) received
2023/09/26 23:01:51 [notice] 1#1: signal 17 (SIGCHLD) received from 30
2023/09/26 23:01:51 [notice] 1#1: worker process 30 exited with code 0
2023/09/26 23:01:51 [notice] 1#1: worker process 33 exited with code 0
2023/09/26 23:01:51 [notice] 1#1: exit
2023/09/28 14:10:12 [warn] 1#1: server name "/var/log/nginx/error.log" has suspicious symbols in /etc/nginx/conf.d/default.conf:6
2023/09/28 14:10:12 [notice] 1#1: using the "epoll" event method
2023/09/28 14:10:12 [notice] 1#1: nginx/1.25.2
2023/09/28 14:10:12 [notice] 1#1: built by gcc 12.2.0 (Debian 12.2.0-14) 
2023/09/28 14:10:12 [notice] 1#1: OS: Linux 5.15.90.1-microsoft-standard-WSL2
2023/09/28 14:10:12 [notice] 1#1: getrlimit(RLIMIT_NOFILE): 1048576:1048576
2023/09/28 14:10:12 [notice] 1#1: start worker processes
2023/09/28 14:10:12 [notice] 1#1: start worker process 27
2023/09/28 14:10:12 [notice] 1#1: start worker process 28
2023/09/28 14:10:12 [notice] 1#1: start worker process 29
2023/09/28 14:10:12 [notice] 1#1: start worker process 30
2023/09/28 14:10:12 [notice] 1#1: start worker process 31
2023/09/28 14:10:12 [notice] 1#1: start worker process 32
2023/09/28 14:18:17 [notice] 1#1: signal 3 (SIGQUIT) received, shutting down
2023/09/28 14:18:17 [notice] 27#27: gracefully shutting down
2023/09/28 14:18:17 [notice] 32#32: gracefully shutting down
2023/09/28 14:18:17 [notice] 32#32: exiting
2023/09/28 14:18:17 [notice] 32#32: exit
2023/09/28 14:18:17 [notice] 29#29: gracefully shutting down
2023/09/28 14:18:17 [notice] 29#29: exiting
2023/09/28 14:18:17 [notice] 30#30: gracefully shutting down
2023/09/28 14:18:17 [notice] 30#30: exiting
2023/09/28 14:18:17 [notice] 31#31: gracefully shutting down
2023/09/28 14:18:17 [notice] 28#28: gracefully shutting down
2023/09/28 14:18:17 [notice] 28#28: exiting
2023/09/28 14:18:17 [notice] 27#27: exiting
2023/09/28 14:18:17 [notice] 29#29: exit
2023/09/28 14:18:17 [notice] 30#30: exit
2023/09/28 14:18:17 [notice] 31#31: exiting
2023/09/28 14:18:17 [notice] 28#28: exit
2023/09/28 14:18:17 [notice] 27#27: exit
2023/09/28 14:18:17 [notice] 31#31: exit
2023/09/28 14:18:17 [notice] 1#1: signal 17 (SIGCHLD) received from 31
2023/09/28 14:18:17 [notice] 1#1: worker process 31 exited with code 0
2023/09/28 14:18:17 [notice] 1#1: signal 29 (SIGIO) received
2023/09/28 14:18:17 [notice] 1#1: signal 17 (SIGCHLD) received from 27
2023/09/28 14:18:17 [notice] 1#1: worker process 27 exited with code 0
2023/09/28 14:18:17 [notice] 1#1: worker process 29 exited with code 0
2023/09/28 14:18:17 [notice] 1#1: worker process 30 exited with code 0
2023/09/28 14:18:17 [notice] 1#1: worker process 32 exited with code 0
2023/09/28 14:18:17 [notice] 1#1: signal 29 (SIGIO) received
2023/09/28 14:18:17 [notice] 1#1: signal 17 (SIGCHLD) received from 28
2023/09/28 14:18:17 [notice] 1#1: worker process 28 exited with code 0
2023/09/28 14:18:17 [notice] 1#1: exit
2023/09/28 14:21:08 [warn] 1#1: server name "/var/log/nginx/error.log" has suspicious symbols in /etc/nginx/conf.d/default.conf:6
2023/09/28 14:21:08 [notice] 1#1: using the "epoll" event method
2023/09/28 14:21:08 [notice] 1#1: nginx/1.25.2
2023/09/28 14:21:08 [notice] 1#1: built by gcc 12.2.0 (Debian 12.2.0-14) 
2023/09/28 14:21:08 [notice] 1#1: OS: Linux 5.15.90.1-microsoft-standard-WSL2
2023/09/28 14:21:08 [notice] 1#1: getrlimit(RLIMIT_NOFILE): 1048576:1048576
2023/09/28 14:21:08 [notice] 1#1: start worker processes
2023/09/28 14:21:08 [notice] 1#1: start worker process 28
2023/09/28 14:21:08 [notice] 1#1: start worker process 29
2023/09/28 14:21:08 [notice] 1#1: start worker process 30
2023/09/28 14:21:08 [notice] 1#1: start worker process 31
2023/09/28 14:21:08 [notice] 1#1: start worker process 32
2023/09/28 14:21:08 [notice] 1#1: start worker process 33
2023/09/28 14:23:58 [notice] 1#1: signal 3 (SIGQUIT) received, shutting down
2023/09/28 14:23:58 [notice] 28#28: gracefully shutting down
2023/09/28 14:23:58 [notice] 28#28: exiting
2023/09/28 14:23:58 [notice] 30#30: gracefully shutting down
2023/09/28 14:23:58 [notice] 30#30: exiting
2023/09/28 14:23:58 [notice] 31#31: gracefully shutting down
2023/09/28 14:23:58 [notice] 31#31: exiting
2023/09/28 14:23:58 [notice] 33#33: gracefully shutting down
2023/09/28 14:23:58 [notice] 32#32: gracefully shutting down
2023/09/28 14:23:58 [notice] 32#32: exiting
2023/09/28 14:23:58 [notice] 29#29: gracefully shutting down
2023/09/28 14:23:58 [notice] 29#29: exiting
2023/09/28 14:23:58 [notice] 28#28: exit
2023/09/28 14:23:58 [notice] 30#30: exit
2023/09/28 14:23:58 [notice] 31#31: exit
2023/09/28 14:23:58 [notice] 33#33: exiting
2023/09/28 14:23:58 [notice] 32#32: exit
2023/09/28 14:23:58 [notice] 29#29: exit
2023/09/28 14:23:58 [notice] 33#33: exit
2023/09/28 14:23:58 [notice] 1#1: signal 17 (SIGCHLD) received from 28
2023/09/28 14:23:58 [notice] 1#1: worker process 28 exited with code 0
2023/09/28 14:23:58 [notice] 1#1: worker process 31 exited with code 0
2023/09/28 14:23:58 [notice] 1#1: signal 29 (SIGIO) received
2023/09/28 14:23:58 [notice] 1#1: signal 17 (SIGCHLD) received from 31
2023/09/28 14:23:58 [notice] 1#1: signal 17 (SIGCHLD) received from 32
2023/09/28 14:23:58 [notice] 1#1: worker process 32 exited with code 0
2023/09/28 14:23:58 [notice] 1#1: worker process 33 exited with code 0
2023/09/28 14:23:58 [notice] 1#1: signal 29 (SIGIO) received
2023/09/28 14:23:58 [notice] 1#1: signal 17 (SIGCHLD) received from 33
2023/09/28 14:23:58 [notice] 1#1: signal 17 (SIGCHLD) received from 30
2023/09/28 14:23:58 [notice] 1#1: worker process 29 exited with code 0
2023/09/28 14:23:58 [notice] 1#1: worker process 30 exited with code 0
2023/09/28 14:23:58 [notice] 1#1: exit
2023/09/28 14:28:46 [warn] 1#1: server name "/var/log/nginx/error.log" has suspicious symbols in /etc/nginx/conf.d/default.conf:6
2023/09/28 14:28:46 [notice] 1#1: using the "epoll" event method
2023/09/28 14:28:46 [notice] 1#1: nginx/1.25.2
2023/09/28 14:28:46 [notice] 1#1: built by gcc 12.2.0 (Debian 12.2.0-14) 
2023/09/28 14:28:46 [notice] 1#1: OS: Linux 5.15.90.1-microsoft-standard-WSL2
2023/09/28 14:28:46 [notice] 1#1: getrlimit(RLIMIT_NOFILE): 1048576:1048576
2023/09/28 14:28:46 [notice] 1#1: start worker processes
2023/09/28 14:28:46 [notice] 1#1: start worker process 28
2023/09/28 14:28:46 [notice] 1#1: start worker process 29
2023/09/28 14:28:46 [notice] 1#1: start worker process 30
2023/09/28 14:28:46 [notice] 1#1: start worker process 31
2023/09/28 14:28:46 [notice] 1#1: start worker process 32
2023/09/28 14:28:46 [notice] 1#1: start worker process 33
2023/09/28 15:54:24 [notice] 1#1: signal 3 (SIGQUIT) received, shutting down
2023/09/28 15:54:24 [notice] 30#30: gracefully shutting down
2023/09/28 15:54:24 [notice] 28#28: gracefully shutting down
2023/09/28 15:54:24 [notice] 29#29: gracefully shutting down
2023/09/28 15:54:24 [notice] 29#29: exiting
2023/09/28 15:54:24 [notice] 31#31: gracefully shutting down
2023/09/28 15:54:24 [notice] 31#31: exiting
2023/09/28 15:54:24 [notice] 33#33: gracefully shutting down
2023/09/28 15:54:24 [notice] 33#33: exiting
2023/09/28 15:54:24 [notice] 32#32: gracefully shutting down
2023/09/28 15:54:24 [notice] 30#30: exiting
2023/09/28 15:54:24 [notice] 30#30: exit
2023/09/28 15:54:24 [notice] 28#28: exiting
2023/09/28 15:54:24 [notice] 29#29: exit
2023/09/28 15:54:24 [notice] 31#31: exit
2023/09/28 15:54:24 [notice] 33#33: exit
2023/09/28 15:54:24 [notice] 32#32: exiting
2023/09/28 15:54:24 [notice] 28#28: exit
2023/09/28 15:54:24 [notice] 32#32: exit
2023/09/28 15:54:24 [notice] 1#1: signal 17 (SIGCHLD) received from 30
2023/09/28 15:54:24 [notice] 1#1: worker process 30 exited with code 0
2023/09/28 15:54:24 [notice] 1#1: signal 29 (SIGIO) received
2023/09/28 15:54:24 [notice] 1#1: signal 17 (SIGCHLD) received from 29
2023/09/28 15:54:24 [notice] 1#1: worker process 29 exited with code 0
2023/09/28 15:54:24 [notice] 1#1: worker process 32 exited with code 0
2023/09/28 15:54:24 [notice] 1#1: worker process 33 exited with code 0
2023/09/28 15:54:24 [notice] 1#1: signal 29 (SIGIO) received
2023/09/28 15:54:24 [notice] 1#1: signal 17 (SIGCHLD) received from 33
2023/09/28 15:54:24 [notice] 1#1: signal 17 (SIGCHLD) received from 31
2023/09/28 15:54:24 [notice] 1#1: worker process 28 exited with code 0
2023/09/28 15:54:24 [notice] 1#1: worker process 31 exited with code 0
2023/09/28 15:54:24 [notice] 1#1: exit
2023/09/28 15:56:35 [warn] 1#1: server name "/var/log/nginx/error.log" has suspicious symbols in /etc/nginx/conf.d/default.conf:6
2023/09/28 15:56:35 [notice] 1#1: using the "epoll" event method
2023/09/28 15:56:35 [notice] 1#1: nginx/1.25.2
2023/09/28 15:56:35 [notice] 1#1: built by gcc 12.2.0 (Debian 12.2.0-14) 
2023/09/28 15:56:35 [notice] 1#1: OS: Linux 5.15.90.1-microsoft-standard-WSL2
2023/09/28 15:56:35 [notice] 1#1: getrlimit(RLIMIT_NOFILE): 1048576:1048576
2023/09/28 15:56:35 [notice] 1#1: start worker processes
2023/09/28 15:56:35 [notice] 1#1: start worker process 28
2023/09/28 15:56:35 [notice] 1#1: start worker process 29
2023/09/28 15:56:35 [notice] 1#1: start worker process 30
2023/09/28 15:56:35 [notice] 1#1: start worker process 31
2023/09/28 15:56:35 [notice] 1#1: start worker process 32
2023/09/28 15:56:35 [notice] 1#1: start worker process 33
2023/09/28 15:58:55 [notice] 1#1: signal 3 (SIGQUIT) received, shutting down
2023/09/28 15:58:55 [notice] 31#31: gracefully shutting down
2023/09/28 15:58:55 [notice] 31#31: exiting
2023/09/28 15:58:55 [notice] 33#33: gracefully shutting down
2023/09/28 15:58:55 [notice] 33#33: exiting
2023/09/28 15:58:55 [notice] 29#29: gracefully shutting down
2023/09/28 15:58:55 [notice] 29#29: exiting
2023/09/28 15:58:55 [notice] 30#30: gracefully shutting down
2023/09/28 15:58:55 [notice] 30#30: exiting
2023/09/28 15:58:55 [notice] 28#28: gracefully shutting down
2023/09/28 15:58:55 [notice] 30#30: exit
2023/09/28 15:58:55 [notice] 32#32: gracefully shutting down
2023/09/28 15:58:55 [notice] 31#31: exit
2023/09/28 15:58:55 [notice] 33#33: exit
2023/09/28 15:58:55 [notice] 29#29: exit
2023/09/28 15:58:55 [notice] 28#28: exiting
2023/09/28 15:58:55 [notice] 32#32: exiting
2023/09/28 15:58:55 [notice] 28#28: exit
2023/09/28 15:58:55 [notice] 32#32: exit
2023/09/28 15:58:55 [notice] 1#1: signal 17 (SIGCHLD) received from 30
2023/09/28 15:58:55 [notice] 1#1: worker process 30 exited with code 0
2023/09/28 15:58:55 [notice] 1#1: signal 29 (SIGIO) received
2023/09/28 15:58:55 [notice] 1#1: signal 17 (SIGCHLD) received from 33
2023/09/28 15:58:55 [notice] 1#1: worker process 33 exited with code 0
2023/09/28 15:58:55 [notice] 1#1: signal 29 (SIGIO) received
2023/09/28 15:58:55 [notice] 1#1: signal 17 (SIGCHLD) received from 28
2023/09/28 15:58:55 [notice] 1#1: worker process 28 exited with code 0
2023/09/28 15:58:55 [notice] 1#1: worker process 29 exited with code 0
2023/09/28 15:58:55 [notice] 1#1: worker process 31 exited with code 0
2023/09/28 15:58:55 [notice] 1#1: worker process 32 exited with code 0
2023/09/28 15:58:55 [notice] 1#1: exit
2023/09/28 15:59:56 [warn] 1#1: server name "/var/log/nginx/error.log" has suspicious symbols in /etc/nginx/conf.d/default.conf:6
2023/09/28 15:59:56 [notice] 1#1: using the "epoll" event method
2023/09/28 15:59:56 [notice] 1#1: nginx/1.25.2
2023/09/28 15:59:56 [notice] 1#1: built by gcc 12.2.0 (Debian 12.2.0-14) 
2023/09/28 15:59:56 [notice] 1#1: OS: Linux 5.15.90.1-microsoft-standard-WSL2
2023/09/28 15:59:56 [notice] 1#1: getrlimit(RLIMIT_NOFILE): 1048576:1048576
2023/09/28 15:59:56 [notice] 1#1: start worker processes
2023/09/28 15:59:56 [notice] 1#1: start worker process 28
2023/09/28 15:59:56 [notice] 1#1: start worker process 29
2023/09/28 15:59:56 [notice] 1#1: start worker process 30
2023/09/28 15:59:56 [notice] 1#1: start worker process 31
2023/09/28 15:59:56 [notice] 1#1: start worker process 32
2023/09/28 15:59:56 [notice] 1#1: start worker process 33
2023/09/28 16:19:30 [error] 32#32: *5 open() "/var/www/learn/favicon.ico" failed (2: No such file or directory), client: 172.22.0.1, server: localhost.dev, request: "GET /favicon.ico HTTP/1.1", host: "localhost", referrer: "http://localhost/public/"
2023/09/28 16:38:49 [notice] 1#1: signal 3 (SIGQUIT) received, shutting down
2023/09/28 16:38:49 [notice] 29#29: gracefully shutting down
2023/09/28 16:38:49 [notice] 29#29: exiting
2023/09/28 16:38:49 [notice] 30#30: gracefully shutting down
2023/09/28 16:38:49 [notice] 30#30: exiting
2023/09/28 16:38:49 [notice] 28#28: gracefully shutting down
2023/09/28 16:38:49 [notice] 33#33: gracefully shutting down
2023/09/28 16:38:49 [notice] 33#33: exiting
2023/09/28 16:38:49 [notice] 31#31: gracefully shutting down
2023/09/28 16:38:49 [notice] 31#31: exiting
2023/09/28 16:38:49 [notice] 32#32: gracefully shutting down
2023/09/28 16:38:49 [notice] 29#29: exit
2023/09/28 16:38:49 [notice] 30#30: exit
2023/09/28 16:38:49 [notice] 28#28: exiting
2023/09/28 16:38:49 [notice] 33#33: exit
2023/09/28 16:38:49 [notice] 31#31: exit
2023/09/28 16:38:49 [notice] 32#32: exiting
2023/09/28 16:38:49 [notice] 28#28: exit
2023/09/28 16:38:49 [notice] 32#32: exit
2023/09/28 16:38:50 [notice] 1#1: signal 17 (SIGCHLD) received from 29
2023/09/28 16:38:50 [notice] 1#1: worker process 29 exited with code 0
2023/09/28 16:38:50 [notice] 1#1: signal 29 (SIGIO) received
2023/09/28 16:38:50 [notice] 1#1: signal 17 (SIGCHLD) received from 30
2023/09/28 16:38:50 [notice] 1#1: worker process 30 exited with code 0
2023/09/28 16:38:50 [notice] 1#1: worker process 28 exited with code 0
2023/09/28 16:38:50 [notice] 1#1: worker process 31 exited with code 0
2023/09/28 16:38:50 [notice] 1#1: signal 29 (SIGIO) received
2023/09/28 16:38:50 [notice] 1#1: signal 17 (SIGCHLD) received from 31
2023/09/28 16:38:50 [notice] 1#1: worker process 32 exited with code 0
2023/09/28 16:38:50 [notice] 1#1: worker process 33 exited with code 0
2023/09/28 16:38:50 [notice] 1#1: exit
2023/09/28 16:47:09 [warn] 1#1: server name "/var/log/nginx/error.log" has suspicious symbols in /etc/nginx/conf.d/default.conf:6
2023/09/28 16:47:09 [notice] 1#1: using the "epoll" event method
2023/09/28 16:47:09 [notice] 1#1: nginx/1.25.2
2023/09/28 16:47:09 [notice] 1#1: built by gcc 12.2.0 (Debian 12.2.0-14) 
2023/09/28 16:47:09 [notice] 1#1: OS: Linux 5.15.90.1-microsoft-standard-WSL2
2023/09/28 16:47:09 [notice] 1#1: getrlimit(RLIMIT_NOFILE): 1048576:1048576
2023/09/28 16:47:09 [notice] 1#1: start worker processes
2023/09/28 16:47:09 [notice] 1#1: start worker process 28
2023/09/28 16:47:09 [notice] 1#1: start worker process 29
2023/09/28 16:47:09 [notice] 1#1: start worker process 30
2023/09/28 16:47:09 [notice] 1#1: start worker process 31
2023/09/28 16:47:09 [notice] 1#1: start worker process 32
2023/09/28 16:47:09 [notice] 1#1: start worker process 33
2023/09/28 17:00:43 [error] 32#32: *11 open() "/var/www/learn/public/_ignition/health-check" failed (2: No such file or directory), client: 172.23.0.1, server: localhost.dev, request: "GET /public/_ignition/health-check HTTP/1.1", host: "localhost", referrer: "http://localhost/public/"
2023/09/28 17:02:33 [error] 33#33: *13 open() "/var/www/learn/public/_ignition/health-check" failed (2: No such file or directory), client: 172.23.0.1, server: localhost.dev, request: "GET /public/_ignition/health-check HTTP/1.1", host: "localhost", referrer: "http://localhost/public/"
2023/09/28 22:17:09 [notice] 1#1: signal 3 (SIGQUIT) received, shutting down
2023/09/28 22:17:09 [notice] 29#29: gracefully shutting down
2023/09/28 22:17:09 [notice] 29#29: exiting
2023/09/28 22:17:09 [notice] 30#30: gracefully shutting down
2023/09/28 22:17:09 [notice] 30#30: exiting
2023/09/28 22:17:09 [notice] 32#32: gracefully shutting down
2023/09/28 22:17:09 [notice] 33#33: gracefully shutting down
2023/09/28 22:17:09 [notice] 33#33: exiting
2023/09/28 22:17:09 [notice] 28#28: gracefully shutting down
2023/09/28 22:17:09 [notice] 28#28: exiting
2023/09/28 22:17:09 [notice] 31#31: gracefully shutting down
2023/09/28 22:17:09 [notice] 29#29: exit
2023/09/28 22:17:09 [notice] 30#30: exit
2023/09/28 22:17:09 [notice] 32#32: exiting
2023/09/28 22:17:09 [notice] 33#33: exit
2023/09/28 22:17:09 [notice] 28#28: exit
2023/09/28 22:17:09 [notice] 31#31: exiting
2023/09/28 22:17:09 [notice] 32#32: exit
2023/09/28 22:17:09 [notice] 31#31: exit
2023/09/28 22:17:09 [notice] 1#1: signal 17 (SIGCHLD) received from 29
2023/09/28 22:17:09 [notice] 1#1: worker process 29 exited with code 0
2023/09/28 22:17:09 [notice] 1#1: worker process 30 exited with code 0
2023/09/28 22:17:09 [notice] 1#1: signal 29 (SIGIO) received
2023/09/28 22:17:09 [notice] 1#1: signal 17 (SIGCHLD) received from 30
2023/09/28 22:17:09 [notice] 1#1: signal 17 (SIGCHLD) received from 33
2023/09/28 22:17:09 [notice] 1#1: worker process 28 exited with code 0
2023/09/28 22:17:09 [notice] 1#1: worker process 33 exited with code 0
2023/09/28 22:17:09 [notice] 1#1: signal 29 (SIGIO) received
2023/09/28 22:17:09 [notice] 1#1: signal 17 (SIGCHLD) received from 31
2023/09/28 22:17:09 [notice] 1#1: worker process 31 exited with code 0
2023/09/28 22:17:09 [notice] 1#1: worker process 32 exited with code 0
2023/09/28 22:17:09 [notice] 1#1: exit
2023/10/01 14:50:59 [warn] 1#1: server name "/var/log/nginx/error.log" has suspicious symbols in /etc/nginx/conf.d/default.conf:6
2023/10/01 14:50:59 [notice] 1#1: using the "epoll" event method
2023/10/01 14:50:59 [notice] 1#1: nginx/1.25.2
2023/10/01 14:50:59 [notice] 1#1: built by gcc 12.2.0 (Debian 12.2.0-14) 
2023/10/01 14:50:59 [notice] 1#1: OS: Linux 5.15.90.1-microsoft-standard-WSL2
2023/10/01 14:50:59 [notice] 1#1: getrlimit(RLIMIT_NOFILE): 1048576:1048576
2023/10/01 14:50:59 [notice] 1#1: start worker processes
2023/10/01 14:50:59 [notice] 1#1: start worker process 27
2023/10/01 14:50:59 [notice] 1#1: start worker process 28
2023/10/01 14:50:59 [notice] 1#1: start worker process 29
2023/10/01 14:50:59 [notice] 1#1: start worker process 30
2023/10/01 14:50:59 [notice] 1#1: start worker process 31
2023/10/01 14:50:59 [notice] 1#1: start worker process 32
2023/10/01 14:54:50 [error] 28#28: *1 directory index of "/var/www/learn/" is forbidden, client: 172.18.0.1, server: localhost.dev, request: "GET / HTTP/1.1", host: "localhost"
2023/10/01 14:54:51 [error] 28#28: *1 open() "/var/www/learn/favicon.ico" failed (2: No such file or directory), client: 172.18.0.1, server: localhost.dev, request: "GET /favicon.ico HTTP/1.1", host: "localhost", referrer: "http://localhost/"
2023/10/01 14:59:49 [error] 29#29: *2 directory index of "/var/www/learn/" is forbidden, client: 172.18.0.1, server: localhost.dev, request: "GET / HTTP/1.1", host: "localhost"
2023/10/01 15:00:12 [error] 32#32: *5 directory index of "/var/www/learn/" is forbidden, client: 172.18.0.1, server: localhost.dev, request: "GET / HTTP/1.1", host: "localhost"
2023/10/01 15:04:56 [error] 31#31: *6 directory index of "/var/www/learn/" is forbidden, client: 172.18.0.1, server: localhost.dev, request: "GET / HTTP/1.1", host: "localhost"
2023/10/01 15:04:57 [error] 31#31: *6 directory index of "/var/www/learn/" is forbidden, client: 172.18.0.1, server: localhost.dev, request: "GET / HTTP/1.1", host: "localhost"
2023/10/01 15:04:57 [error] 31#31: *6 directory index of "/var/www/learn/" is forbidden, client: 172.18.0.1, server: localhost.dev, request: "GET / HTTP/1.1", host: "localhost"
2023/10/01 15:04:57 [error] 27#27: *7 directory index of "/var/www/learn/" is forbidden, client: 172.18.0.1, server: localhost.dev, request: "GET / HTTP/1.1", host: "localhost"
2023/10/01 16:46:33 [error] 28#28: *11 directory index of "/var/www/learn/" is forbidden, client: 172.18.0.1, server: localhost.dev, request: "GET / HTTP/1.1", host: "localhost"
2023/10/01 17:52:20 [notice] 1#1: signal 3 (SIGQUIT) received, shutting down
2023/10/01 17:52:20 [notice] 28#28: gracefully shutting down
2023/10/01 17:52:20 [notice] 29#29: gracefully shutting down
2023/10/01 17:52:20 [notice] 31#31: gracefully shutting down
2023/10/01 17:52:20 [notice] 28#28: exiting
2023/10/01 17:52:20 [notice] 28#28: exit
2023/10/01 17:52:20 [notice] 32#32: gracefully shutting down
2023/10/01 17:52:20 [notice] 30#30: gracefully shutting down
2023/10/01 17:52:20 [notice] 27#27: gracefully shutting down
2023/10/01 17:52:20 [notice] 32#32: exiting
2023/10/01 17:52:20 [notice] 30#30: exiting
2023/10/01 17:52:20 [notice] 32#32: exit
2023/10/01 17:52:20 [notice] 29#29: exiting
2023/10/01 17:52:20 [notice] 31#31: exiting
2023/10/01 17:52:20 [notice] 30#30: exit
2023/10/01 17:52:20 [notice] 29#29: exit
2023/10/01 17:52:20 [notice] 31#31: exit
2023/10/01 17:52:20 [notice] 27#27: exiting
2023/10/01 17:52:20 [notice] 27#27: exit
2023/10/01 17:52:21 [notice] 1#1: signal 17 (SIGCHLD) received from 27
2023/10/01 17:52:21 [notice] 1#1: worker process 27 exited with code 0
2023/10/01 17:52:21 [notice] 1#1: signal 29 (SIGIO) received
2023/10/01 17:52:21 [notice] 1#1: signal 17 (SIGCHLD) received from 28
2023/10/01 17:52:21 [notice] 1#1: worker process 28 exited with code 0
2023/10/01 17:52:21 [notice] 1#1: signal 29 (SIGIO) received
2023/10/01 17:52:21 [notice] 1#1: signal 17 (SIGCHLD) received from 30
2023/10/01 17:52:21 [notice] 1#1: worker process 30 exited with code 0
2023/10/01 17:52:21 [notice] 1#1: signal 29 (SIGIO) received
2023/10/01 17:52:21 [notice] 1#1: signal 17 (SIGCHLD) received from 32
2023/10/01 17:52:21 [notice] 1#1: worker process 32 exited with code 0
2023/10/01 17:52:21 [notice] 1#1: signal 29 (SIGIO) received
2023/10/01 17:52:21 [notice] 1#1: signal 17 (SIGCHLD) received from 31
2023/10/01 17:52:21 [notice] 1#1: worker process 31 exited with code 0
2023/10/01 17:52:21 [notice] 1#1: signal 17 (SIGCHLD) received from 29
2023/10/01 17:52:21 [notice] 1#1: worker process 29 exited with code 0
2023/10/01 17:52:21 [notice] 1#1: exit
2023/10/02 20:09:42 [warn] 1#1: server name "/var/log/nginx/error.log" has suspicious symbols in /etc/nginx/conf.d/default.conf:6
2023/10/02 20:09:42 [notice] 1#1: using the "epoll" event method
2023/10/02 20:09:42 [notice] 1#1: nginx/1.25.2
2023/10/02 20:09:42 [notice] 1#1: built by gcc 12.2.0 (Debian 12.2.0-14) 
2023/10/02 20:09:42 [notice] 1#1: OS: Linux 5.15.90.1-microsoft-standard-WSL2
2023/10/02 20:09:42 [notice] 1#1: getrlimit(RLIMIT_NOFILE): 1048576:1048576
2023/10/02 20:09:42 [notice] 1#1: start worker processes
2023/10/02 20:09:42 [notice] 1#1: start worker process 28
2023/10/02 20:09:42 [notice] 1#1: start worker process 29
2023/10/02 20:09:42 [notice] 1#1: start worker process 30
2023/10/02 20:09:42 [notice] 1#1: start worker process 31
2023/10/02 20:09:42 [notice] 1#1: start worker process 32
2023/10/02 20:09:42 [notice] 1#1: start worker process 33
2023/10/02 20:16:04 [error] 28#28: *1 "/var/www/learn/index.php" is not found (2: No such file or directory), client: 172.18.0.1, server: localhost.dev, request: "GET / HTTP/1.1", host: "localhost"
2023/10/02 20:16:04 [error] 28#28: *1 open() "/var/www/learn/favicon.ico" failed (2: No such file or directory), client: 172.18.0.1, server: localhost.dev, request: "GET /favicon.ico HTTP/1.1", host: "localhost", referrer: "http://localhost/"
2023/10/02 20:16:08 [error] 28#28: *1 open() "/var/www/learn/public" failed (2: No such file or directory), client: 172.18.0.1, server: localhost.dev, request: "GET /public HTTP/1.1", host: "localhost"
2023/10/02 20:19:24 [notice] 1#1: signal 3 (SIGQUIT) received, shutting down
2023/10/02 20:19:24 [notice] 28#28: gracefully shutting down
2023/10/02 20:19:24 [notice] 29#29: gracefully shutting down
2023/10/02 20:19:24 [notice] 31#31: gracefully shutting down
2023/10/02 20:19:24 [notice] 33#33: gracefully shutting down
2023/10/02 20:19:24 [notice] 32#32: gracefully shutting down
2023/10/02 20:19:24 [notice] 28#28: exiting
2023/10/02 20:19:24 [notice] 29#29: exiting
2023/10/02 20:19:24 [notice] 30#30: gracefully shutting down
2023/10/02 20:19:24 [notice] 31#31: exiting
2023/10/02 20:19:24 [notice] 33#33: exiting
2023/10/02 20:19:24 [notice] 32#32: exiting
2023/10/02 20:19:24 [notice] 30#30: exiting
2023/10/02 20:19:24 [notice] 29#29: exit
2023/10/02 20:19:24 [notice] 28#28: exit
2023/10/02 20:19:24 [notice] 31#31: exit
2023/10/02 20:19:24 [notice] 33#33: exit
2023/10/02 20:19:24 [notice] 32#32: exit
2023/10/02 20:19:24 [notice] 30#30: exit
2023/10/02 20:19:24 [notice] 1#1: signal 17 (SIGCHLD) received from 31
2023/10/02 20:19:24 [notice] 1#1: worker process 29 exited with code 0
2023/10/02 20:19:24 [notice] 1#1: worker process 30 exited with code 0
2023/10/02 20:19:24 [notice] 1#1: worker process 31 exited with code 0
2023/10/02 20:19:24 [notice] 1#1: worker process 32 exited with code 0
2023/10/02 20:19:24 [notice] 1#1: worker process 33 exited with code 0
2023/10/02 20:19:24 [notice] 1#1: signal 29 (SIGIO) received
2023/10/02 20:19:24 [notice] 1#1: signal 17 (SIGCHLD) received from 29
2023/10/02 20:19:24 [notice] 1#1: signal 17 (SIGCHLD) received from 28
2023/10/02 20:19:24 [notice] 1#1: worker process 28 exited with code 0
2023/10/02 20:19:24 [notice] 1#1: exit
2023/10/02 20:20:36 [warn] 1#1: server name "/var/log/nginx/error.log" has suspicious symbols in /etc/nginx/conf.d/default.conf:6
2023/10/02 20:20:36 [notice] 1#1: using the "epoll" event method
2023/10/02 20:20:36 [notice] 1#1: nginx/1.25.2
2023/10/02 20:20:36 [notice] 1#1: built by gcc 12.2.0 (Debian 12.2.0-14) 
2023/10/02 20:20:36 [notice] 1#1: OS: Linux 5.15.90.1-microsoft-standard-WSL2
2023/10/02 20:20:36 [notice] 1#1: getrlimit(RLIMIT_NOFILE): 1048576:1048576
2023/10/02 20:20:36 [notice] 1#1: start worker processes
2023/10/02 20:20:36 [notice] 1#1: start worker process 28
2023/10/02 20:20:36 [notice] 1#1: start worker process 29
2023/10/02 20:20:36 [notice] 1#1: start worker process 30
2023/10/02 20:20:36 [notice] 1#1: start worker process 31
2023/10/02 20:20:36 [notice] 1#1: start worker process 32
2023/10/02 20:20:36 [notice] 1#1: start worker process 33
2023/10/02 20:24:45 [error] 28#28: *1 directory index of "/var/www/app/" is forbidden, client: 172.19.0.1, server: localhost.dev, request: "GET / HTTP/1.1", host: "localhost"
2023/10/02 21:32:43 [notice] 1#1: signal 3 (SIGQUIT) received, shutting down
2023/10/02 21:32:43 [notice] 28#28: gracefully shutting down
2023/10/02 21:32:43 [notice] 28#28: exiting
2023/10/02 21:32:43 [notice] 30#30: gracefully shutting down
2023/10/02 21:32:43 [notice] 32#32: gracefully shutting down
2023/10/02 21:32:43 [notice] 28#28: exit
2023/10/02 21:32:43 [notice] 30#30: exiting
2023/10/02 21:32:43 [notice] 30#30: exit
2023/10/02 21:32:43 [notice] 29#29: gracefully shutting down
2023/10/02 21:32:43 [notice] 31#31: gracefully shutting down
2023/10/02 21:32:43 [notice] 29#29: exiting
2023/10/02 21:32:43 [notice] 31#31: exiting
2023/10/02 21:32:43 [notice] 29#29: exit
2023/10/02 21:32:43 [notice] 31#31: exit
2023/10/02 21:32:43 [notice] 33#33: gracefully shutting down
2023/10/02 21:32:43 [notice] 33#33: exiting
2023/10/02 21:32:43 [notice] 33#33: exit
2023/10/02 21:32:43 [notice] 32#32: exiting
2023/10/02 21:32:43 [notice] 32#32: exit
2023/10/02 21:32:43 [notice] 1#1: signal 17 (SIGCHLD) received from 33
2023/10/02 21:32:43 [notice] 1#1: worker process 28 exited with code 0
2023/10/02 21:32:43 [notice] 1#1: worker process 31 exited with code 0
2023/10/02 21:32:43 [notice] 1#1: worker process 33 exited with code 0
2023/10/02 21:32:43 [notice] 1#1: signal 29 (SIGIO) received
2023/10/02 21:32:43 [notice] 1#1: signal 17 (SIGCHLD) received from 28
2023/10/02 21:32:43 [notice] 1#1: signal 17 (SIGCHLD) received from 32
2023/10/02 21:32:43 [notice] 1#1: worker process 32 exited with code 0
2023/10/02 21:32:43 [notice] 1#1: worker process 30 exited with code 0
2023/10/02 21:32:43 [notice] 1#1: signal 29 (SIGIO) received
2023/10/02 21:32:43 [notice] 1#1: signal 17 (SIGCHLD) received from 30
2023/10/02 21:32:43 [notice] 1#1: signal 17 (SIGCHLD) received from 29
2023/10/02 21:32:43 [notice] 1#1: worker process 29 exited with code 0
2023/10/02 21:32:43 [notice] 1#1: exit
